Build started 4/11/2013 2:10:25 PM.
     1>Project "C:\Users\Greg\Documents\UXC\CamStudio\libconfig\lib\libconfig++.vcxproj" on node 5 (build target(s)).
     1>PrepareForBuild:
         Creating directory "C:\Users\Greg\Documents\UXC\CamStudio\Debug\".
       InitializeBuildStatus:
         Creating "Debug\libconfig++.unsuccessfulbuild" because "AlwaysCreate" was specified.
       ClCompile:
         c:\Program Files\Microsoft Visual Studio 10.0\VC\bin\CL.exe /c /Ilib /Zi /nologo /W1 /WX- /Od /Oy- /D LIBCONFIGXX_EXPORTS /D LIBCONFIG_STATIC /D YY_NO_UNISTD_H /D YY_USE_CONST /D WIN32 /D _DEBUG /D _WINDOWS /D _USRDLL /D _WINDLL /D _UNICODE /D UNICODE /Gm- /EHsc /MDd /GS /fp:precise /Zc:wchar_t /Zc:forScope /Fo"Debug\\" /Fd"Debug\vc100.pdb" /Gd /TC /analyze- /errorReport:prompt grammar.c libconfig.c scanctx.c scanner.c strbuf.c
         grammar.c
         libconfig.c
         scanctx.c
         scanner.c
         strbuf.c
         Generating Code...
         c:\Program Files\Microsoft Visual Studio 10.0\VC\bin\CL.exe /c /Ilib /Zi /nologo /W1 /WX- /Od /Oy- /D LIBCONFIGXX_EXPORTS /D LIBCONFIG_STATIC /D YY_NO_UNISTD_H /D YY_USE_CONST /D WIN32 /D _DEBUG /D _WINDOWS /D _USRDLL /D _WINDLL /D _UNICODE /D UNICODE /Gm- /EHsc /MDd /GS /fp:precise /Zc:wchar_t /Zc:forScope /Fo"Debug\\" /Fd"Debug\vc100.pdb" /Gd /TP /analyze- /errorReport:prompt libconfigcpp.cc
         libconfigcpp.cc
       ManifestResourceCompile:
         C:\Program Files\Microsoft SDKs\Windows\v7.0A\bin\rc.exe /nologo /fo"Debug\libconfig++.dll.embed.manifest.res" Debug\libconfig++_manifest.rc 
       Link:
         c:\Program Files\Microsoft Visual Studio 10.0\VC\bin\link.exe /ERRORREPORT:PROMPT /OUT:"C:\Users\Greg\Documents\UXC\CamStudio\Debug\libconfig++.dll" /INCREMENTAL /NOLOGO kernel32.lib user32.lib gdi32.lib winspool.lib comdlg32.lib advapi32.lib shell32.lib ole32.lib oleaut32.lib uuid.lib odbc32.lib odbccp32.lib /MANIFEST /ManifestFile:"Debug\libconfig++.dll.intermediate.manifest" /MANIFESTUAC:"level='asInvoker' uiAccess='false'" /DEBUG /PDB:"C:\Users\Greg\Documents\UXC\CamStudio\Debug\libconfig++.pdb" /SUBSYSTEM:WINDOWS /TLBID:1 /DYNAMICBASE:NO /IMPLIB:"C:\Users\Greg\Documents\UXC\CamStudio\Debug\libconfig++.lib" /MACHINE:X86 /DLL Debug\libconfig++.dll.embed.manifest.res
         Debug\grammar.obj
         Debug\libconfig.obj
         Debug\libconfigcpp.obj
         Debug\scanctx.obj
         Debug\scanner.obj
         Debug\strbuf.obj
            Creating library C:\Users\Greg\Documents\UXC\CamStudio\Debug\libconfig++.lib and object C:\Users\Greg\Documents\UXC\CamStudio\Debug\libconfig++.exp
       Manifest:
         C:\Program Files\Microsoft SDKs\Windows\v7.0A\bin\mt.exe /nologo /verbose /out:"Debug\libconfig++.dll.embed.manifest" /manifest Debug\libconfig++.dll.intermediate.manifest
         C:\Program Files\Microsoft SDKs\Windows\v7.0A\bin\rc.exe /nologo /fo"Debug\libconfig++.dll.embed.manifest.res" Debug\libconfig++_manifest.rc 
       LinkEmbedManifest:
         c:\Program Files\Microsoft Visual Studio 10.0\VC\bin\link.exe /ERRORREPORT:PROMPT /OUT:"C:\Users\Greg\Documents\UXC\CamStudio\Debug\libconfig++.dll" /INCREMENTAL /NOLOGO kernel32.lib user32.lib gdi32.lib winspool.lib comdlg32.lib advapi32.lib shell32.lib ole32.lib oleaut32.lib uuid.lib odbc32.lib odbccp32.lib /MANIFEST /ManifestFile:"Debug\libconfig++.dll.intermediate.manifest" /MANIFESTUAC:"level='asInvoker' uiAccess='false'" /DEBUG /PDB:"C:\Users\Greg\Documents\UXC\CamStudio\Debug\libconfig++.pdb" /SUBSYSTEM:WINDOWS /TLBID:1 /DYNAMICBASE:NO /IMPLIB:"C:\Users\Greg\Documents\UXC\CamStudio\Debug\libconfig++.lib" /MACHINE:X86 /DLL Debug\libconfig++.dll.embed.manifest.res
         Debug\grammar.obj
         Debug\libconfig.obj
         Debug\libconfigcpp.obj
         Debug\scanctx.obj
         Debug\scanner.obj
         Debug\strbuf.obj
            Creating library C:\Users\Greg\Documents\UXC\CamStudio\Debug\libconfig++.lib and object C:\Users\Greg\Documents\UXC\CamStudio\Debug\libconfig++.exp
         libconfig++.vcxproj -> C:\Users\Greg\Documents\UXC\CamStudio\Debug\libconfig++.dll
       FinalizeBuildStatus:
         Deleting file "Debug\libconfig++.unsuccessfulbuild".
         Touching "Debug\libconfig++.lastbuildstate".
     1>Done Building Project "C:\Users\Greg\Documents\UXC\CamStudio\libconfig\lib\libconfig++.vcxproj" (build target(s)).

Build succeeded.

Time Elapsed 00:00:04.77
